<?xml version="1.0" encoding="UTF-8"?>
<!-- Generated by org.testng.reporters.JUnitReportReporter -->
<testsuite hostname="BhushanPathak" failures="0" tests="1" name="com.TaskTrello.TestClasses.TC003_DragNDropCard" time="21.657" errors="0" timestamp="08 Oct 2022 03:31:11 GMT" skipped="0">
  <testcase classname="com.TaskTrello.TestClasses.TC003_DragNDropCard" name="DragNDrop" time="21.657"/>
</testsuite> <!-- com.TaskTrello.TestClasses.TC003_DragNDropCard -->
