<?xml version="1.0" encoding="UTF-8"?>
<!-- Generated by org.testng.reporters.JUnitReportReporter -->
<testsuite hostname="BhushanPathak" failures="0" tests="1" name="com.TaskTrello.TestClasses.TC002_CreateList" time="24.837" errors="0" timestamp="08 Oct 2022 05:33:53 GMT" skipped="0">
  <testcase classname="com.TaskTrello.TestClasses.TC002_CreateList" name="CreateList" time="24.837"/>
</testsuite> <!-- com.TaskTrello.TestClasses.TC002_CreateList -->
