<?xml version="1.0" encoding="UTF-8"?>
<!-- Generated by org.testng.reporters.JUnitReportReporter -->
<testsuite hostname="BhushanPathak" failures="0" tests="1" name="com.TaskTrello.TestClasses.TC005_FindXnYCordinates" time="22.816" errors="0" timestamp="08 Oct 2022 05:57:51 GMT" skipped="0">
  <testcase classname="com.TaskTrello.TestClasses.TC005_FindXnYCordinates" name="XnYcordinates" time="22.816"/>
</testsuite> <!-- com.TaskTrello.TestClasses.TC005_FindXnYCordinates -->
