<?xml version="1.0" encoding="UTF-8"?>
<!-- Generated by org.testng.reporters.JUnitReportReporter -->
<testsuite hostname="BhushanPathak" failures="0" tests="1" name="com.TaskTrello.TestClasses.TC006_LogOutActivity" time="22.263" errors="0" timestamp="08 Oct 2022 06:13:58 GMT" skipped="0">
  <testcase classname="com.TaskTrello.TestClasses.TC006_LogOutActivity" name="Logout" time="22.263"/>
</testsuite> <!-- com.TaskTrello.TestClasses.TC006_LogOutActivity -->
