<?xml version="1.0" encoding="UTF-8"?>
<!-- Generated by org.testng.reporters.JUnitReportReporter -->
<testsuite hostname="BhushanPathak" failures="0" tests="1" name="com.TaskTrello.TestClasses.TC003_AddCardToList" time="22.800" errors="0" timestamp="08 Oct 2022 05:34:48 GMT" skipped="0">
  <testcase classname="com.TaskTrello.TestClasses.TC003_AddCardToList" name="AddCard" time="22.800"/>
</testsuite> <!-- com.TaskTrello.TestClasses.TC003_AddCardToList -->
