<?xml version="1.0" encoding="UTF-8"?>
<!-- Generated by org.testng.reporters.JUnitReportReporter -->
<testsuite hostname="BhushanPathak" failures="0" tests="1" name="com.TaskTrello.TestClasses.TC001_CreateBoard" time="27.892" errors="0" timestamp="08 Oct 2022 05:32:47 GMT" skipped="0">
  <testcase classname="com.TaskTrello.TestClasses.TC001_CreateBoard" name="CreateBoard" time="27.892"/>
</testsuite> <!-- com.TaskTrello.TestClasses.TC001_CreateBoard -->
