<?xml version="1.0" encoding="UTF-8"?>
<!-- Generated by org.testng.reporters.JUnitReportReporter -->
<testsuite hostname="BhushanPathak" failures="0" tests="1" name="com.TaskTrello.TestClasses.TC004_DragNDropOfCard" time="22.311" errors="0" timestamp="08 Oct 2022 05:35:53 GMT" skipped="0">
  <testcase classname="com.TaskTrello.TestClasses.TC004_DragNDropOfCard" name="dragNDrop" time="22.311"/>
</testsuite> <!-- com.TaskTrello.TestClasses.TC004_DragNDropOfCard -->
